This file contains any messages produced by compilers while
running configure, to aid debugging if configure makes a mistake.

It was created by gc configure 7.6.12, which was
generated by GNU Autoconf 2.69.  Invocation command line was

  $ /home/jon-wwr/work/src/github.com/f-shixiong/s-jvm/vm/target/build/linux-x86_64-debug/extgc-prefix/src/extgc/configure 

## --------- ##
## Platform. ##
## --------- ##

hostname = ecs-5ca6
uname -m = x86_64
uname -r = 3.10.0-957.5.1.el7.x86_64
uname -s = Linux
uname -v = #1 SMP Fri Feb 1 14:54:57 UTC 2019

/usr/bin/uname -p = x86_64
/bin/uname -X     = unknown

/bin/arch              = x86_64
/usr/bin/arch -k       = unknown
/usr/convex/getsysinfo = unknown
/usr/bin/hostinfo      = unknown
/bin/machine           = unknown
/usr/bin/oslevel       = unknown
/bin/universe          = unknown

PATH: /usr/local/bin
PATH: /bin
PATH: /usr/bin
PATH: /usr/local/sbin
PATH: /usr/sbin
PATH: /home/jon-wwr/work/bin
PATH: /home/jon-wwr/disk/go/bin
PATH: /home/jon-wwr/.local/bin
PATH: /home/jon-wwr/bin


## ----------- ##
## Core tests. ##
## ----------- ##

configure:2517: checking build system type
configure:2531: result: x86_64-unknown-linux-gnu
configure:2551: checking host system type
configure:2564: result: x86_64-unknown-linux-gnu
configure:2584: checking target system type
configure:2597: result: x86_64-unknown-linux-gnu
configure:2625: checking GC version numbers
configure:2656: result: major=7 minor=6                 micro=12
configure:2676: checking for a BSD-compatible install
configure:2744: result: /bin/install -c
configure:2755: checking whether build environment is sane
configure:2810: result: yes
configure:2961: checking for a thread-safe mkdir -p
configure:3000: result: /bin/mkdir -p
configure:3007: checking for gawk
configure:3023: found /bin/gawk
configure:3034: result: gawk
configure:3045: checking whether make sets $(MAKE)
configure:3067: result: yes
configure:3096: checking whether make supports nested variables
configure:3113: result: yes
configure:3200: checking whether to enable maintainer-specific portions of Makefiles
configure:3209: result: no
configure:3238: checking for style of include used by make
configure:3266: result: GNU
configure:3337: checking for gcc
configure:3353: found /bin/gcc
configure:3364: result: gcc
configure:3593: checking for C compiler version
configure:3602: gcc --version >&5
gcc (GCC) 4.8.5 20150623 (Red Hat 4.8.5-36)
Copyright (C) 2015 Free Software Foundation, Inc.
This is free software; see the source for copying conditions.  There is NO
warranty; not even for MERCHANTABILITY or FITNESS FOR A PARTICULAR PURPOSE.

configure:3613: $? = 0
configure:3602: gcc -v >&5
Using built-in specs.
COLLECT_GCC=gcc
COLLECT_LTO_WRAPPER=/usr/libexec/gcc/x86_64-redhat-linux/4.8.5/lto-wrapper
Target: x86_64-redhat-linux
Configured with: ../configure --prefix=/usr --mandir=/usr/share/man --infodir=/usr/share/info --with-bugurl=http://bugzilla.redhat.com/bugzilla --enable-bootstrap --enable-shared --enable-threads=posix --enable-checking=release --with-system-zlib --enable-__cxa_atexit --disable-libunwind-exceptions --enable-gnu-unique-object --enable-linker-build-id --with-linker-hash-style=gnu --enable-languages=c,c++,objc,obj-c++,java,fortran,ada,go,lto --enable-plugin --enable-initfini-array --disable-libgcj --with-isl=/builddir/build/BUILD/gcc-4.8.5-20150702/obj-x86_64-redhat-linux/isl-install --with-cloog=/builddir/build/BUILD/gcc-4.8.5-20150702/obj-x86_64-redhat-linux/cloog-install --enable-gnu-indirect-function --with-tune=generic --with-arch_32=x86-64 --build=x86_64-redhat-linux
Thread model: posix
gcc version 4.8.5 20150623 (Red Hat 4.8.5-36) (GCC) 
configure:3613: $? = 0
configure:3602: gcc -V >&5
gcc: error: unrecognized command line option '-V'
gcc: fatal error: no input files
compilation terminated.
configure:3613: $? = 4
configure:3602: gcc -qversion >&5
gcc: error: unrecognized command line option '-qversion'
gcc: fatal error: no input files
compilation terminated.
configure:3613: $? = 4
configure:3633: checking whether the C compiler works
configure:3655: gcc    conftest.c  >&5
configure:3659: $? = 0
configure:3707: result: yes
configure:3710: checking for C compiler default output file name
configure:3712: result: a.out
configure:3718: checking for suffix of executables
configure:3725: gcc -o conftest    conftest.c  >&5
configure:3729: $? = 0
configure:3751: result: 
configure:3773: checking whether we are cross compiling
configure:3781: gcc -o conftest    conftest.c  >&5
configure:3785: $? = 0
configure:3792: ./conftest
configure:3796: $? = 0
configure:3811: result: no
configure:3816: checking for suffix of object files
configure:3838: gcc -c   conftest.c >&5
configure:3842: $? = 0
configure:3863: result: o
configure:3867: checking whether we are using the GNU C compiler
configure:3886: gcc -c   conftest.c >&5
configure:3886: $? = 0
configure:3895: result: yes
configure:3904: checking whether gcc accepts -g
configure:3924: gcc -c -g  conftest.c >&5
configure:3924: $? = 0
configure:3965: result: yes
configure:3982: checking for gcc option to accept ISO C89
configure:4045: gcc  -c -g -O2  conftest.c >&5
configure:4045: $? = 0
configure:4058: result: none needed
configure:4080: checking dependency style of gcc
configure:4191: result: gcc3
configure:4207: checking whether gcc and cc understand -c and -o together
configure:4238: gcc -c conftest.c -o conftest2.o >&5
configure:4242: $? = 0
configure:4248: gcc -c conftest.c -o conftest2.o >&5
configure:4252: $? = 0
configure:4263: cc -c conftest.c >&5
configure:4267: $? = 0
configure:4275: cc -c conftest.c -o conftest2.o >&5
configure:4279: $? = 0
configure:4285: cc -c conftest.c -o conftest2.o >&5
configure:4289: $? = 0
configure:4307: result: yes
configure:4390: checking for g++
configure:4406: found /bin/g++
configure:4417: result: g++
configure:4444: checking for C++ compiler version
configure:4453: g++ --version >&5
g++ (GCC) 4.8.5 20150623 (Red Hat 4.8.5-36)
Copyright (C) 2015 Free Software Foundation, Inc.
This is free software; see the source for copying conditions.  There is NO
warranty; not even for MERCHANTABILITY or FITNESS FOR A PARTICULAR PURPOSE.

configure:4464: $? = 0
configure:4453: g++ -v >&5
Using built-in specs.
COLLECT_GCC=g++
COLLECT_LTO_WRAPPER=/usr/libexec/gcc/x86_64-redhat-linux/4.8.5/lto-wrapper
Target: x86_64-redhat-linux
Configured with: ../configure --prefix=/usr --mandir=/usr/share/man --infodir=/usr/share/info --with-bugurl=http://bugzilla.redhat.com/bugzilla --enable-bootstrap --enable-shared --enable-threads=posix --enable-checking=release --with-system-zlib --enable-__cxa_atexit --disable-libunwind-exceptions --enable-gnu-unique-object --enable-linker-build-id --with-linker-hash-style=gnu --enable-languages=c,c++,objc,obj-c++,java,fortran,ada,go,lto --enable-plugin --enable-initfini-array --disable-libgcj --with-isl=/builddir/build/BUILD/gcc-4.8.5-20150702/obj-x86_64-redhat-linux/isl-install --with-cloog=/builddir/build/BUILD/gcc-4.8.5-20150702/obj-x86_64-redhat-linux/cloog-install --enable-gnu-indirect-function --with-tune=generic --with-arch_32=x86-64 --build=x86_64-redhat-linux
Thread model: posix
gcc version 4.8.5 20150623 (Red Hat 4.8.5-36) (GCC) 
configure:4464: $? = 0
configure:4453: g++ -V >&5
g++: error: unrecognized command line option '-V'
g++: fatal error: no input files
compilation terminated.
configure:4464: $? = 4
configure:4453: g++ -qversion >&5
g++: error: unrecognized command line option '-qversion'
g++: fatal error: no input files
compilation terminated.
configure:4464: $? = 4
configure:4468: checking whether we are using the GNU C++ compiler
configure:4487: g++ -c   conftest.cpp >&5
configure:4487: $? = 0
configure:4496: result: yes
configure:4505: checking whether g++ accepts -g
configure:4525: g++ -c -g  conftest.cpp >&5
configure:4525: $? = 0
configure:4566: result: yes
configure:4591: checking dependency style of g++
configure:4702: result: gcc3
configure:4726: checking dependency style of gcc
configure:4835: result: gcc3
configure:4897: checking how to print strings
configure:4924: result: printf
configure:4945: checking for a sed that does not truncate output
configure:5009: result: /bin/sed
configure:5027: checking for grep that handles long lines and -e
configure:5085: result: /bin/grep
configure:5090: checking for egrep
configure:5152: result: /bin/grep -E
configure:5157: checking for fgrep
configure:5219: result: /bin/grep -F
configure:5254: checking for ld used by gcc
configure:5321: result: /bin/ld
configure:5328: checking if the linker (/bin/ld) is GNU ld
configure:5343: result: yes
configure:5355: checking for BSD- or MS-compatible name lister (nm)
configure:5404: result: /bin/nm -B
configure:5534: checking the name lister (/bin/nm -B) interface
configure:5541: gcc -c -g -O2  conftest.c >&5
configure:5544: /bin/nm -B "conftest.o"
configure:5547: output
0000000000000000 B some_variable
configure:5554: result: BSD nm
configure:5557: checking whether ln -s works
configure:5561: result: yes
configure:5569: checking the maximum length of command line arguments
configure:5699: result: 1572864
configure:5716: checking whether the shell understands some XSI constructs
configure:5726: result: yes
configure:5730: checking whether the shell understands "+="
configure:5736: result: yes
configure:5771: checking how to convert x86_64-unknown-linux-gnu file names to x86_64-unknown-linux-gnu format
configure:5811: result: func_convert_file_noop
configure:5818: checking how to convert x86_64-unknown-linux-gnu file names to toolchain format
configure:5838: result: func_convert_file_noop
configure:5845: checking for /bin/ld option to reload object files
configure:5852: result: -r
configure:5926: checking for objdump
configure:5942: found /bin/objdump
configure:5953: result: objdump
configure:5985: checking how to recognize dependent libraries
configure:6187: result: pass_all
configure:6272: checking for dlltool
configure:6302: result: no
configure:6332: checking how to associate runtime and link libraries
configure:6359: result: printf %s\n
configure:6420: checking for ar
configure:6436: found /bin/ar
configure:6447: result: ar
configure:6484: checking for archiver @FILE support
configure:6501: gcc -c -g -O2  conftest.c >&5
configure:6501: $? = 0
configure:6504: ar cru libconftest.a @conftest.lst >&5
configure:6507: $? = 0
configure:6512: ar cru libconftest.a @conftest.lst >&5
ar: conftest.o: No such file or directory
configure:6515: $? = 1
configure:6527: result: @
configure:6585: checking for strip
configure:6601: found /bin/strip
configure:6612: result: strip
configure:6684: checking for ranlib
configure:6700: found /bin/ranlib
configure:6711: result: ranlib
configure:6813: checking command to parse /bin/nm -B output from gcc object
configure:6933: gcc -c -g -O2  conftest.c >&5
configure:6936: $? = 0
configure:6940: /bin/nm -B conftest.o \| sed -n -e 's/^.*[ ]\([ABCDGIRSTW][ABCDGIRSTW]*\)[ ][ ]*\([_A-Za-z][_A-Za-z0-9]*\)$/\1 \2 \2/p' | sed '/ __gnu_lto/d' \> conftest.nm
configure:6943: $? = 0
configure:7009: gcc -o conftest -g -O2   conftest.c conftstm.o >&5
configure:7012: $? = 0
configure:7050: result: ok
configure:7087: checking for sysroot
configure:7117: result: no
configure:7194: gcc -c -g -O2  conftest.c >&5
configure:7197: $? = 0
configure:7373: checking for mt
configure:7403: result: no
configure:7423: checking if : is a manifest tool
configure:7429: : '-?'
configure:7437: result: no
configure:8079: checking how to run the C preprocessor
configure:8110: gcc -E  conftest.c
configure:8110: $? = 0
configure:8124: gcc -E  conftest.c
conftest.c:14:28: fatal error: ac_nonexistent.h: No such file or directory
 #include <ac_nonexistent.h>
                            ^
compilation terminated.
configure:8124: $? = 1
configure: failed program was:
| /* confdefs.h */
| #define PACKAGE_NAME "gc"
| #define PACKAGE_TARNAME "gc"
| #define PACKAGE_VERSION "7.6.12"
| #define PACKAGE_STRING "gc 7.6.12"
| #define PACKAGE_BUGREPORT "https://github.com/ivmai/bdwgc/issues"
| #define PACKAGE_URL ""
| #define GC_VERSION_MAJOR 7
| #define GC_VERSION_MINOR 6
| #define GC_VERSION_MICRO 12
| #define PACKAGE "gc"
| #define VERSION "7.6.12"
| /* end confdefs.h.  */
| #include <ac_nonexistent.h>
configure:8149: result: gcc -E
configure:8169: gcc -E  conftest.c
configure:8169: $? = 0
configure:8183: gcc -E  conftest.c
conftest.c:14:28: fatal error: ac_nonexistent.h: No such file or directory
 #include <ac_nonexistent.h>
                            ^
compilation terminated.
configure:8183: $? = 1
configure: failed program was:
| /* confdefs.h */
| #define PACKAGE_NAME "gc"
| #define PACKAGE_TARNAME "gc"
| #define PACKAGE_VERSION "7.6.12"
| #define PACKAGE_STRING "gc 7.6.12"
| #define PACKAGE_BUGREPORT "https://github.com/ivmai/bdwgc/issues"
| #define PACKAGE_URL ""
| #define GC_VERSION_MAJOR 7
| #define GC_VERSION_MINOR 6
| #define GC_VERSION_MICRO 12
| #define PACKAGE "gc"
| #define VERSION "7.6.12"
| /* end confdefs.h.  */
| #include <ac_nonexistent.h>
configure:8212: checking for ANSI C header files
configure:8232: gcc -c -g -O2  conftest.c >&5
configure:8232: $? = 0
configure:8305: gcc -o conftest -g -O2   conftest.c  >&5
configure:8305: $? = 0
configure:8305: ./conftest
configure:8305: $? = 0
configure:8316: result: yes
configure:8329: checking for sys/types.h
configure:8329: gcc -c -g -O2  conftest.c >&5
configure:8329: $? = 0
configure:8329: result: yes
configure:8329: checking for sys/stat.h
configure:8329: gcc -c -g -O2  conftest.c >&5
configure:8329: $? = 0
configure:8329: result: yes
configure:8329: checking for stdlib.h
configure:8329: gcc -c -g -O2  conftest.c >&5
configure:8329: $? = 0
configure:8329: result: yes
configure:8329: checking for string.h
configure:8329: gcc -c -g -O2  conftest.c >&5
configure:8329: $? = 0
configure:8329: result: yes
configure:8329: checking for memory.h
configure:8329: gcc -c -g -O2  conftest.c >&5
configure:8329: $? = 0
configure:8329: result: yes
configure:8329: checking for strings.h
configure:8329: gcc -c -g -O2  conftest.c >&5
configure:8329: $? = 0
configure:8329: result: yes
configure:8329: checking for inttypes.h
configure:8329: gcc -c -g -O2  conftest.c >&5
configure:8329: $? = 0
configure:8329: result: yes
configure:8329: checking for stdint.h
configure:8329: gcc -c -g -O2  conftest.c >&5
configure:8329: $? = 0
configure:8329: result: yes
configure:8329: checking for unistd.h
configure:8329: gcc -c -g -O2  conftest.c >&5
configure:8329: $? = 0
configure:8329: result: yes
configure:8343: checking for dlfcn.h
configure:8343: gcc -c -g -O2  conftest.c >&5
configure:8343: $? = 0
configure:8343: result: yes
configure:8560: checking for objdir
configure:8575: result: .libs
configure:8846: checking if gcc supports -fno-rtti -fno-exceptions
configure:8864: gcc -c -g -O2  -fno-rtti -fno-exceptions conftest.c >&5
cc1: warning: command line option '-fno-rtti' is valid for C++/ObjC++ but not for C [enabled by default]
configure:8868: $? = 0
configure:8881: result: no
configure:9208: checking for gcc option to produce PIC
configure:9215: result: -fPIC -DPIC
configure:9223: checking if gcc PIC flag -fPIC -DPIC works
configure:9241: gcc -c -g -O2  -fPIC -DPIC -DPIC conftest.c >&5
configure:9245: $? = 0
configure:9258: result: yes
configure:9287: checking if gcc static flag -static works
configure:9315: result: no
configure:9330: checking if gcc supports -c -o file.o
configure:9351: gcc -c -g -O2  -o out/conftest2.o conftest.c >&5
configure:9355: $? = 0
configure:9377: result: yes
configure:9385: checking if gcc supports -c -o file.o
configure:9432: result: yes
configure:9465: checking whether the gcc linker (/bin/ld -m elf_x86_64) supports shared libraries
configure:10618: result: yes
configure:10655: checking whether -lc should be explicitly linked in
configure:10663: gcc -c -g -O2  conftest.c >&5
configure:10666: $? = 0
configure:10681: gcc -shared  -fPIC -DPIC conftest.o  -v -Wl,-soname -Wl,conftest -o conftest 2\>\&1 \| /bin/grep  -lc  \>/dev/null 2\>\&1
configure:10684: $? = 0
configure:10698: result: no
configure:10858: checking dynamic linker characteristics
configure:11369: gcc -o conftest -g -O2   -Wl,-rpath -Wl,/foo conftest.c  >&5
configure:11369: $? = 0
configure:11595: result: GNU/Linux ld.so
configure:11702: checking how to hardcode library paths into programs
configure:11727: result: immediate
configure:12267: checking whether stripping libraries is possible
configure:12272: result: yes
configure:12307: checking if libtool supports shared libraries
configure:12309: result: yes
configure:12312: checking whether to build shared libraries
configure:12333: result: yes
configure:12336: checking whether to build static libraries
configure:12340: result: yes
configure:12363: checking how to run the C++ preprocessor
configure:12390: g++ -E  conftest.cpp
configure:12390: $? = 0
configure:12404: g++ -E  conftest.cpp
conftest.cpp:26:28: fatal error: ac_nonexistent.h: No such file or directory
 #include <ac_nonexistent.h>
                            ^
compilation terminated.
configure:12404: $? = 1
configure: failed program was:
| /* confdefs.h */
| #define PACKAGE_NAME "gc"
| #define PACKAGE_TARNAME "gc"
| #define PACKAGE_VERSION "7.6.12"
| #define PACKAGE_STRING "gc 7.6.12"
| #define PACKAGE_BUGREPORT "https://github.com/ivmai/bdwgc/issues"
| #define PACKAGE_URL ""
| #define GC_VERSION_MAJOR 7
| #define GC_VERSION_MINOR 6
| #define GC_VERSION_MICRO 12
| #define PACKAGE "gc"
| #define VERSION "7.6.12"
| #define STDC_HEADERS 1
| #define HAVE_SYS_TYPES_H 1
| #define HAVE_SYS_STAT_H 1
| #define HAVE_STDLIB_H 1
| #define HAVE_STRING_H 1
| #define HAVE_MEMORY_H 1
| #define HAVE_STRINGS_H 1
| #define HAVE_INTTYPES_H 1
| #define HAVE_STDINT_H 1
| #define HAVE_UNISTD_H 1
| #define HAVE_DLFCN_H 1
| #define LT_OBJDIR ".libs/"
| /* end confdefs.h.  */
| #include <ac_nonexistent.h>
configure:12429: result: g++ -E
configure:12449: g++ -E  conftest.cpp
configure:12449: $? = 0
configure:12463: g++ -E  conftest.cpp
conftest.cpp:26:28: fatal error: ac_nonexistent.h: No such file or directory
 #include <ac_nonexistent.h>
                            ^
compilation terminated.
configure:12463: $? = 1
configure: failed program was:
| /* confdefs.h */
| #define PACKAGE_NAME "gc"
| #define PACKAGE_TARNAME "gc"
| #define PACKAGE_VERSION "7.6.12"
| #define PACKAGE_STRING "gc 7.6.12"
| #define PACKAGE_BUGREPORT "https://github.com/ivmai/bdwgc/issues"
| #define PACKAGE_URL ""
| #define GC_VERSION_MAJOR 7
| #define GC_VERSION_MINOR 6
| #define GC_VERSION_MICRO 12
| #define PACKAGE "gc"
| #define VERSION "7.6.12"
| #define STDC_HEADERS 1
| #define HAVE_SYS_TYPES_H 1
| #define HAVE_SYS_STAT_H 1
| #define HAVE_STDLIB_H 1
| #define HAVE_STRING_H 1
| #define HAVE_MEMORY_H 1
| #define HAVE_STRINGS_H 1
| #define HAVE_INTTYPES_H 1
| #define HAVE_STDINT_H 1
| #define HAVE_UNISTD_H 1
| #define HAVE_DLFCN_H 1
| #define LT_OBJDIR ".libs/"
| /* end confdefs.h.  */
| #include <ac_nonexistent.h>
configure:12632: checking for ld used by g++
configure:12699: result: /bin/ld -m elf_x86_64
configure:12706: checking if the linker (/bin/ld -m elf_x86_64) is GNU ld
configure:12721: result: yes
configure:12776: checking whether the g++ linker (/bin/ld -m elf_x86_64) supports shared libraries
configure:13781: result: yes
configure:13817: g++ -c -g -O2  conftest.cpp >&5
configure:13820: $? = 0
configure:14340: checking for g++ option to produce PIC
configure:14347: result: -fPIC -DPIC
configure:14355: checking if g++ PIC flag -fPIC -DPIC works
configure:14373: g++ -c -g -O2  -fPIC -DPIC -DPIC conftest.cpp >&5
configure:14377: $? = 0
configure:14390: result: yes
configure:14413: checking if g++ static flag -static works
configure:14441: result: no
configure:14453: checking if g++ supports -c -o file.o
configure:14474: g++ -c -g -O2  -o out/conftest2.o conftest.cpp >&5
configure:14478: $? = 0
configure:14500: result: yes
configure:14505: checking if g++ supports -c -o file.o
configure:14552: result: yes
configure:14582: checking whether the g++ linker (/bin/ld -m elf_x86_64) supports shared libraries
configure:14618: result: yes
configure:14759: checking dynamic linker characteristics
configure:15430: result: GNU/Linux ld.so
configure:15483: checking how to hardcode library paths into programs
configure:15508: result: immediate
configure:15632: checking for thread model used by GCC
configure:15646: result: posix
configure:15701: checking for inline
configure:15717: gcc -c -g -O2   conftest.c >&5
configure:15717: $? = 0
configure:15725: result: inline
configure:15754: checking for pthread_self in -lpthread
configure:15779: gcc -o conftest -g -O2   conftest.c -lpthread   >&5
configure:15779: $? = 0
configure:15788: result: yes
configure:15807: WARNING: "Explicit GC_INIT() calls may be required."
configure:16141: checking whether compiler supports -Wextra
configure:16156: gcc -c -Wextra -g -O2  conftest.c >&5
configure:16156: $? = 0
configure:16163: result: yes
configure:16170: checking whether compiler supports -Wpedantic
configure:16186: gcc -c -Wpedantic -Wno-long-long -g -O2  conftest.c >&5
configure:16186: $? = 0
configure:16193: result: yes
configure:16202: checking for xlc
configure:16219: gcc -c -Wall -Wextra -Wpedantic -Wno-long-long -g -O2  conftest.c >&5
conftest.c: In function 'main':
conftest.c:36:4: error: #error 
  # error
    ^
configure:16219: $? = 1
configure: failed program was:
| /* confdefs.h */
| #define PACKAGE_NAME "gc"
| #define PACKAGE_TARNAME "gc"
| #define PACKAGE_VERSION "7.6.12"
| #define PACKAGE_STRING "gc 7.6.12"
| #define PACKAGE_BUGREPORT "https://github.com/ivmai/bdwgc/issues"
| #define PACKAGE_URL ""
| #define GC_VERSION_MAJOR 7
| #define GC_VERSION_MINOR 6
| #define GC_VERSION_MICRO 12
| #define PACKAGE "gc"
| #define VERSION "7.6.12"
| #define STDC_HEADERS 1
| #define HAVE_SYS_TYPES_H 1
| #define HAVE_SYS_STAT_H 1
| #define HAVE_STDLIB_H 1
| #define HAVE_STRING_H 1
| #define HAVE_MEMORY_H 1
| #define HAVE_STRINGS_H 1
| #define HAVE_INTTYPES_H 1
| #define HAVE_STDINT_H 1
| #define HAVE_UNISTD_H 1
| #define HAVE_DLFCN_H 1
| #define LT_OBJDIR ".libs/"
| #define GC_LINUX_THREADS 1
| #define _REENTRANT 1
| #define PARALLEL_MARK 1
| #define THREAD_LOCAL_ALLOC 1
| /* end confdefs.h.  */
| 
| int
| main ()
| {
| 
|  #ifndef __xlC__
|  # error
|  #endif
| 
|   ;
|   return 0;
| }
configure:16225: result: no
configure:16247: checking whether compiler supports -fno-strict-aliasing
configure:16273: gcc -c -Wall -Wextra -Wpedantic -Wno-long-long -g -O2 -fno-strict-aliasing  conftest.c >&5
configure:16273: $? = 0
configure:16282: result: yes
configure:16289: checking for getcontext
configure:16289: gcc -o conftest -Wall -Wextra -Wpedantic -Wno-long-long -g -O2 -fno-strict-aliasing   conftest.c  >&5
configure:16289: $? = 0
configure:16289: result: yes
configure:16307: checking for dl_iterate_phdr
configure:16307: gcc -o conftest -Wall -Wextra -Wpedantic -Wno-long-long -g -O2 -fno-strict-aliasing   conftest.c  >&5
configure:16307: $? = 0
configure:16307: result: yes
configure:16331: checking for dlopen in -ldl
configure:16356: gcc -o conftest -Wall -Wextra -Wpedantic -Wno-long-long -g -O2 -fno-strict-aliasing   conftest.c -ldl   >&5
configure:16356: $? = 0
configure:16365: result: yes
configure:16393: checking execinfo.h usability
configure:16393: gcc -c -Wall -Wextra -Wpedantic -Wno-long-long -g -O2 -fno-strict-aliasing  conftest.c >&5
configure:16393: $? = 0
configure:16393: result: yes
configure:16393: checking execinfo.h presence
configure:16393: gcc -E  conftest.c
configure:16393: $? = 0
configure:16393: result: yes
configure:16393: checking for execinfo.h
configure:16393: result: yes
configure:16483: checking whether to build shared libraries
configure:16522: result: yes
configure:16567: checking which machine-dependent code should be used
configure:16608: result: 
configure:16634: checking whether Solaris gcc optimization fix is necessary
configure:16657: result: no
configure:16801: checking for dladdr
configure:16822: gcc -c -Wall -Wextra -Wpedantic -Wno-long-long -g -O2 -fno-strict-aliasing   conftest.c >&5
configure:16822: $? = 0
configure:16827: result: yes
configure:16837: checking sys/dg_sys_info.h usability
configure:16837: gcc -c -Wall -Wextra -Wpedantic -Wno-long-long -g -O2 -fno-strict-aliasing  conftest.c >&5
conftest.c:72:29: fatal error: sys/dg_sys_info.h: No such file or directory
 #include <sys/dg_sys_info.h>
                             ^
compilation terminated.
configure:16837: $? = 1
configure: failed program was:
| /* confdefs.h */
| #define PACKAGE_NAME "gc"
| #define PACKAGE_TARNAME "gc"
| #define PACKAGE_VERSION "7.6.12"
| #define PACKAGE_STRING "gc 7.6.12"
| #define PACKAGE_BUGREPORT "https://github.com/ivmai/bdwgc/issues"
| #define PACKAGE_URL ""
| #define GC_VERSION_MAJOR 7
| #define GC_VERSION_MINOR 6
| #define GC_VERSION_MICRO 12
| #define PACKAGE "gc"
| #define VERSION "7.6.12"
| #define STDC_HEADERS 1
| #define HAVE_SYS_TYPES_H 1
| #define HAVE_SYS_STAT_H 1
| #define HAVE_STDLIB_H 1
| #define HAVE_STRING_H 1
| #define HAVE_MEMORY_H 1
| #define HAVE_STRINGS_H 1
| #define HAVE_INTTYPES_H 1
| #define HAVE_STDINT_H 1
| #define HAVE_UNISTD_H 1
| #define HAVE_DLFCN_H 1
| #define LT_OBJDIR ".libs/"
| #define GC_LINUX_THREADS 1
| #define _REENTRANT 1
| #define PARALLEL_MARK 1
| #define THREAD_LOCAL_ALLOC 1
| #define HAVE_GETCONTEXT 1
| #define HAVE_DL_ITERATE_PHDR 1
| #define HAVE_DL_ITERATE_PHDR 1
| #define HAVE_EXECINFO_H 1
| #define NO_EXECUTE_PERMISSION 1
| #define ALL_INTERIOR_POINTERS 1
| #define GC_GCJ_SUPPORT 1
| #define GC_ENABLE_SUSPEND_THREAD 1
| #define HAVE_DLADDR 1
| /* end confdefs.h.  */
| #include <stdio.h>
| #ifdef HAVE_SYS_TYPES_H
| # include <sys/types.h>
| #endif
| #ifdef HAVE_SYS_STAT_H
| # include <sys/stat.h>
| #endif
| #ifdef STDC_HEADERS
| # include <stdlib.h>
| # include <stddef.h>
| #else
| # ifdef HAVE_STDLIB_H
| #  include <stdlib.h>
| # endif
| #endif
| #ifdef HAVE_STRING_H
| # if !defined STDC_HEADERS && defined HAVE_MEMORY_H
| #  include <memory.h>
| # endif
| # include <string.h>
| #endif
| #ifdef HAVE_STRINGS_H
| # include <strings.h>
| #endif
| #ifdef HAVE_INTTYPES_H
| # include <inttypes.h>
| #endif
| #ifdef HAVE_STDINT_H
| # include <stdint.h>
| #endif
| #ifdef HAVE_UNISTD_H
| # include <unistd.h>
| #endif
| #include <sys/dg_sys_info.h>
configure:16837: result: no
configure:16837: checking sys/dg_sys_info.h presence
configure:16837: gcc -E  conftest.c
conftest.c:39:29: fatal error: sys/dg_sys_info.h: No such file or directory
 #include <sys/dg_sys_info.h>
                             ^
compilation terminated.
configure:16837: $? = 1
configure: failed program was:
| /* confdefs.h */
| #define PACKAGE_NAME "gc"
| #define PACKAGE_TARNAME "gc"
| #define PACKAGE_VERSION "7.6.12"
| #define PACKAGE_STRING "gc 7.6.12"
| #define PACKAGE_BUGREPORT "https://github.com/ivmai/bdwgc/issues"
| #define PACKAGE_URL ""
| #define GC_VERSION_MAJOR 7
| #define GC_VERSION_MINOR 6
| #define GC_VERSION_MICRO 12
| #define PACKAGE "gc"
| #define VERSION "7.6.12"
| #define STDC_HEADERS 1
| #define HAVE_SYS_TYPES_H 1
| #define HAVE_SYS_STAT_H 1
| #define HAVE_STDLIB_H 1
| #define HAVE_STRING_H 1
| #define HAVE_MEMORY_H 1
| #define HAVE_STRINGS_H 1
| #define HAVE_INTTYPES_H 1
| #define HAVE_STDINT_H 1
| #define HAVE_UNISTD_H 1
| #define HAVE_DLFCN_H 1
| #define LT_OBJDIR ".libs/"
| #define GC_LINUX_THREADS 1
| #define _REENTRANT 1
| #define PARALLEL_MARK 1
| #define THREAD_LOCAL_ALLOC 1
| #define HAVE_GETCONTEXT 1
| #define HAVE_DL_ITERATE_PHDR 1
| #define HAVE_DL_ITERATE_PHDR 1
| #define HAVE_EXECINFO_H 1
| #define NO_EXECUTE_PERMISSION 1
| #define ALL_INTERIOR_POINTERS 1
| #define GC_GCJ_SUPPORT 1
| #define GC_ENABLE_SUSPEND_THREAD 1
| #define HAVE_DLADDR 1
| /* end confdefs.h.  */
| #include <sys/dg_sys_info.h>
configure:16837: result: no
configure:16837: checking for sys/dg_sys_info.h
configure:16837: result: no
configure:17154: checking for pkg-config
configure:17172: found /bin/pkg-config
configure:17184: result: /bin/pkg-config
configure:17209: checking pkg-config is at least version 0.9.0
configure:17212: result: yes
configure:17223: checking for ATOMIC_OPS
configure:17230: $PKG_CONFIG --exists --print-errors "atomic_ops"
Package atomic_ops was not found in the pkg-config search path.
Perhaps you should add the directory containing `atomic_ops.pc'
to the PKG_CONFIG_PATH environment variable
No package 'atomic_ops' found
configure:17233: $? = 1
configure:17247: $PKG_CONFIG --exists --print-errors "atomic_ops"
Package atomic_ops was not found in the pkg-config search path.
Perhaps you should add the directory containing `atomic_ops.pc'
to the PKG_CONFIG_PATH environment variable
No package 'atomic_ops' found
configure:17250: $? = 1
configure:17264: result: no
No package 'atomic_ops' found
configure:17295: checking atomic_ops.h usability
configure:17295: gcc -c -Wall -Wextra -Wpedantic -Wno-long-long -g -O2 -fno-strict-aliasing  conftest.c >&5
conftest.c:75:24: fatal error: atomic_ops.h: No such file or directory
 #include <atomic_ops.h>
                        ^
compilation terminated.
configure:17295: $? = 1
configure: failed program was:
| /* confdefs.h */
| #define PACKAGE_NAME "gc"
| #define PACKAGE_TARNAME "gc"
| #define PACKAGE_VERSION "7.6.12"
| #define PACKAGE_STRING "gc 7.6.12"
| #define PACKAGE_BUGREPORT "https://github.com/ivmai/bdwgc/issues"
| #define PACKAGE_URL ""
| #define GC_VERSION_MAJOR 7
| #define GC_VERSION_MINOR 6
| #define GC_VERSION_MICRO 12
| #define PACKAGE "gc"
| #define VERSION "7.6.12"
| #define STDC_HEADERS 1
| #define HAVE_SYS_TYPES_H 1
| #define HAVE_SYS_STAT_H 1
| #define HAVE_STDLIB_H 1
| #define HAVE_STRING_H 1
| #define HAVE_MEMORY_H 1
| #define HAVE_STRINGS_H 1
| #define HAVE_INTTYPES_H 1
| #define HAVE_STDINT_H 1
| #define HAVE_UNISTD_H 1
| #define HAVE_DLFCN_H 1
| #define LT_OBJDIR ".libs/"
| #define GC_LINUX_THREADS 1
| #define _REENTRANT 1
| #define PARALLEL_MARK 1
| #define THREAD_LOCAL_ALLOC 1
| #define HAVE_GETCONTEXT 1
| #define HAVE_DL_ITERATE_PHDR 1
| #define HAVE_DL_ITERATE_PHDR 1
| #define HAVE_EXECINFO_H 1
| #define NO_EXECUTE_PERMISSION 1
| #define ALL_INTERIOR_POINTERS 1
| #define GC_GCJ_SUPPORT 1
| #define GC_ENABLE_SUSPEND_THREAD 1
| #define HAVE_DLADDR 1
| #define JAVA_FINALIZATION 1
| #define GC_ATOMIC_UNCOLLECTABLE 1
| #define ENABLE_DISCLAIM 1
| /* end confdefs.h.  */
| #include <stdio.h>
| #ifdef HAVE_SYS_TYPES_H
| # include <sys/types.h>
| #endif
| #ifdef HAVE_SYS_STAT_H
| # include <sys/stat.h>
| #endif
| #ifdef STDC_HEADERS
| # include <stdlib.h>
| # include <stddef.h>
| #else
| # ifdef HAVE_STDLIB_H
| #  include <stdlib.h>
| # endif
| #endif
| #ifdef HAVE_STRING_H
| # if !defined STDC_HEADERS && defined HAVE_MEMORY_H
| #  include <memory.h>
| # endif
| # include <string.h>
| #endif
| #ifdef HAVE_STRINGS_H
| # include <strings.h>
| #endif
| #ifdef HAVE_INTTYPES_H
| # include <inttypes.h>
| #endif
| #ifdef HAVE_STDINT_H
| # include <stdint.h>
| #endif
| #ifdef HAVE_UNISTD_H
| # include <unistd.h>
| #endif
| #include <atomic_ops.h>
configure:17295: result: no
configure:17295: checking atomic_ops.h presence
configure:17295: gcc -E  conftest.c
conftest.c:42:24: fatal error: atomic_ops.h: No such file or directory
 #include <atomic_ops.h>
                        ^
compilation terminated.
configure:17295: $? = 1
configure: failed program was:
| /* confdefs.h */
| #define PACKAGE_NAME "gc"
| #define PACKAGE_TARNAME "gc"
| #define PACKAGE_VERSION "7.6.12"
| #define PACKAGE_STRING "gc 7.6.12"
| #define PACKAGE_BUGREPORT "https://github.com/ivmai/bdwgc/issues"
| #define PACKAGE_URL ""
| #define GC_VERSION_MAJOR 7
| #define GC_VERSION_MINOR 6
| #define GC_VERSION_MICRO 12
| #define PACKAGE "gc"
| #define VERSION "7.6.12"
| #define STDC_HEADERS 1
| #define HAVE_SYS_TYPES_H 1
| #define HAVE_SYS_STAT_H 1
| #define HAVE_STDLIB_H 1
| #define HAVE_STRING_H 1
| #define HAVE_MEMORY_H 1
| #define HAVE_STRINGS_H 1
| #define HAVE_INTTYPES_H 1
| #define HAVE_STDINT_H 1
| #define HAVE_UNISTD_H 1
| #define HAVE_DLFCN_H 1
| #define LT_OBJDIR ".libs/"
| #define GC_LINUX_THREADS 1
| #define _REENTRANT 1
| #define PARALLEL_MARK 1
| #define THREAD_LOCAL_ALLOC 1
| #define HAVE_GETCONTEXT 1
| #define HAVE_DL_ITERATE_PHDR 1
| #define HAVE_DL_ITERATE_PHDR 1
| #define HAVE_EXECINFO_H 1
| #define NO_EXECUTE_PERMISSION 1
| #define ALL_INTERIOR_POINTERS 1
| #define GC_GCJ_SUPPORT 1
| #define GC_ENABLE_SUSPEND_THREAD 1
| #define HAVE_DLADDR 1
| #define JAVA_FINALIZATION 1
| #define GC_ATOMIC_UNCOLLECTABLE 1
| #define ENABLE_DISCLAIM 1
| /* end confdefs.h.  */
| #include <atomic_ops.h>
configure:17295: result: no
configure:17295: checking for atomic_ops.h
configure:17295: result: no
configure:17319: checking which libatomic_ops to use
configure:17335: result: internal
configure:17369: checking for lock-free AO_or primitive
configure:17382: gcc -o conftest -Wall -Wextra -Wpedantic -Wno-long-long -g -O2 -fno-strict-aliasing -I/home/jon-wwr/work/src/github.com/f-shixiong/s-jvm/vm/target/build/linux-x86_64-debug/extgc-prefix/src/extgc/libatomic_ops/src    conftest.c  >&5
configure:17382: $? = 0
configure:17383: result: yes
configure:17513: checking that generated files are newer than configure
configure:17519: result: done
configure:17618: creating ./config.status

## ---------------------- ##
## Running config.status. ##
## ---------------------- ##

This file was extended by gc config.status 7.6.12, which was
generated by GNU Autoconf 2.69.  Invocation command line was

  CONFIG_FILES    = 
  CONFIG_HEADERS  = 
  CONFIG_LINKS    = 
  CONFIG_COMMANDS = 
  $ ./config.status 

on ecs-5ca6

config.status:1234: creating Makefile
config.status:1234: creating bdw-gc.pc
config.status:1234: creating include/config.h
config.status:1448: executing depfiles commands
config.status:1448: executing libtool commands
config.status:1448: executing default commands
configure:20180: === configuring in libatomic_ops (/home/jon-wwr/work/src/github.com/f-shixiong/s-jvm/vm/libatomic_ops)
configure:20243: running /bin/sh /home/jon-wwr/work/src/github.com/f-shixiong/s-jvm/vm/target/build/linux-x86_64-debug/extgc-prefix/src/extgc/libatomic_ops/configure --disable-option-checking '--prefix=/usr/local'  --cache-file=/dev/null --srcdir=/home/jon-wwr/work/src/github.com/f-shixiong/s-jvm/vm/target/build/linux-x86_64-debug/extgc-prefix/src/extgc/libatomic_ops

## ---------------- ##
## Cache variables. ##
## ---------------- ##

ac_cv_build=x86_64-unknown-linux-gnu
ac_cv_c_compiler_gnu=yes
ac_cv_c_inline=inline
ac_cv_cc_pedantic=yes
ac_cv_cc_wextra=yes
ac_cv_cxx_compiler_gnu=yes
ac_cv_env_ATOMIC_OPS_CFLAGS_set=
ac_cv_env_ATOMIC_OPS_CFLAGS_value=
ac_cv_env_ATOMIC_OPS_LIBS_set=
ac_cv_env_ATOMIC_OPS_LIBS_value=
ac_cv_env_CCASFLAGS_set=
ac_cv_env_CCASFLAGS_value=
ac_cv_env_CCAS_set=
ac_cv_env_CCAS_value=
ac_cv_env_CCC_set=
ac_cv_env_CCC_value=
ac_cv_env_CC_set=
ac_cv_env_CC_value=
ac_cv_env_CFLAGS_set=
ac_cv_env_CFLAGS_value=
ac_cv_env_CPPFLAGS_set=
ac_cv_env_CPPFLAGS_value=
ac_cv_env_CPP_set=
ac_cv_env_CPP_value=
ac_cv_env_CXXCPP_set=
ac_cv_env_CXXCPP_value=
ac_cv_env_CXXFLAGS_set=
ac_cv_env_CXXFLAGS_value=
ac_cv_env_CXX_set=
ac_cv_env_CXX_value=
ac_cv_env_LDFLAGS_set=
ac_cv_env_LDFLAGS_value=
ac_cv_env_LIBS_set=
ac_cv_env_LIBS_value=
ac_cv_env_PKG_CONFIG_LIBDIR_set=
ac_cv_env_PKG_CONFIG_LIBDIR_value=
ac_cv_env_PKG_CONFIG_PATH_set=
ac_cv_env_PKG_CONFIG_PATH_value=
ac_cv_env_PKG_CONFIG_set=
ac_cv_env_PKG_CONFIG_value=
ac_cv_env_build_alias_set=
ac_cv_env_build_alias_value=
ac_cv_env_host_alias_set=
ac_cv_env_host_alias_value=
ac_cv_env_target_alias_set=
ac_cv_env_target_alias_value=
ac_cv_fno_strict_aliasing=yes
ac_cv_func_dl_iterate_phdr=yes
ac_cv_func_getcontext=yes
ac_cv_header_atomic_ops_h=no
ac_cv_header_dlfcn_h=yes
ac_cv_header_execinfo_h=yes
ac_cv_header_inttypes_h=yes
ac_cv_header_memory_h=yes
ac_cv_header_stdc=yes
ac_cv_header_stdint_h=yes
ac_cv_header_stdlib_h=yes
ac_cv_header_string_h=yes
ac_cv_header_strings_h=yes
ac_cv_header_sys_dg_sys_info_h=no
ac_cv_header_sys_stat_h=yes
ac_cv_header_sys_types_h=yes
ac_cv_header_unistd_h=yes
ac_cv_host=x86_64-unknown-linux-gnu
ac_cv_lib_dl_dlopen=yes
ac_cv_lib_pthread_pthread_self=yes
ac_cv_objext=o
ac_cv_path_EGREP='/bin/grep -E'
ac_cv_path_FGREP='/bin/grep -F'
ac_cv_path_GREP=/bin/grep
ac_cv_path_SED=/bin/sed
ac_cv_path_ac_pt_PKG_CONFIG=/bin/pkg-config
ac_cv_path_install='/bin/install -c'
ac_cv_path_mkdir=/bin/mkdir
ac_cv_prog_AWK=gawk
ac_cv_prog_CPP='gcc -E'
ac_cv_prog_CXXCPP='g++ -E'
ac_cv_prog_ac_ct_AR=ar
ac_cv_prog_ac_ct_CC=gcc
ac_cv_prog_ac_ct_CXX=g++
ac_cv_prog_ac_ct_OBJDUMP=objdump
ac_cv_prog_ac_ct_RANLIB=ranlib
ac_cv_prog_ac_ct_STRIP=strip
ac_cv_prog_cc_c89=
ac_cv_prog_cc_g=yes
ac_cv_prog_cc_gcc_c_o=yes
ac_cv_prog_cxx_g=yes
ac_cv_prog_make_make_set=yes
ac_cv_target=x86_64-unknown-linux-gnu
am_cv_CCAS_dependencies_compiler_type=gcc3
am_cv_CC_dependencies_compiler_type=gcc3
am_cv_CXX_dependencies_compiler_type=gcc3
am_cv_make_support_nested_variables=yes
lt_cv_ar_at_file=@
lt_cv_archive_cmds_need_lc=no
lt_cv_deplibs_check_method=pass_all
lt_cv_file_magic_cmd='$MAGIC_CMD'
lt_cv_file_magic_test_file=
lt_cv_ld_reload_flag=-r
lt_cv_nm_interface='BSD nm'
lt_cv_objdir=.libs
lt_cv_path_LD=/bin/ld
lt_cv_path_LDCXX='/bin/ld -m elf_x86_64'
lt_cv_path_NM='/bin/nm -B'
lt_cv_path_mainfest_tool=no
lt_cv_prog_compiler_c_o=yes
lt_cv_prog_compiler_c_o_CXX=yes
lt_cv_prog_compiler_pic='-fPIC -DPIC'
lt_cv_prog_compiler_pic_CXX='-fPIC -DPIC'
lt_cv_prog_compiler_pic_works=yes
lt_cv_prog_compiler_pic_works_CXX=yes
lt_cv_prog_compiler_rtti_exceptions=no
lt_cv_prog_compiler_static_works=no
lt_cv_prog_compiler_static_works_CXX=no
lt_cv_prog_gnu_ld=yes
lt_cv_prog_gnu_ldcxx=yes
lt_cv_sharedlib_from_linklib_cmd='printf %s\n'
lt_cv_shlibpath_overrides_runpath=no
lt_cv_sys_global_symbol_pipe='sed -n -e '\''s/^.*[	 ]\([ABCDGIRSTW][ABCDGIRSTW]*\)[	 ][	 ]*\([_A-Za-z][_A-Za-z0-9]*\)$/\1 \2 \2/p'\'' | sed '\''/ __gnu_lto/d'\'''
lt_cv_sys_global_symbol_to_c_name_address='sed -n -e '\''s/^: \([^ ]*\)[ ]*$/  {\"\1\", (void *) 0},/p'\'' -e '\''s/^[ABCDGIRSTW]* \([^ ]*\) \([^ ]*\)$/  {"\2", (void *) \&\2},/p'\'''
lt_cv_sys_global_symbol_to_c_name_address_lib_prefix='sed -n -e '\''s/^: \([^ ]*\)[ ]*$/  {\"\1\", (void *) 0},/p'\'' -e '\''s/^[ABCDGIRSTW]* \([^ ]*\) \(lib[^ ]*\)$/  {"\2", (void *) \&\2},/p'\'' -e '\''s/^[ABCDGIRSTW]* \([^ ]*\) \([^ ]*\)$/  {"lib\2", (void *) \&\2},/p'\'''
lt_cv_sys_global_symbol_to_cdecl='sed -n -e '\''s/^T .* \(.*\)$/extern int \1();/p'\'' -e '\''s/^[ABCDGIRSTW]* .* \(.*\)$/extern char \1;/p'\'''
lt_cv_sys_max_cmd_len=1572864
lt_cv_to_host_file_cmd=func_convert_file_noop
lt_cv_to_tool_file_cmd=func_convert_file_noop

## ----------------- ##
## Output variables. ##
## ----------------- ##

ACLOCAL='${SHELL} /home/jon-wwr/work/src/github.com/f-shixiong/s-jvm/vm/target/build/linux-x86_64-debug/extgc-prefix/src/extgc/missing aclocal-1.13'
AMDEPBACKSLASH='\'
AMDEP_FALSE='#'
AMDEP_TRUE=''
AMTAR='$${TAR-tar}'
AM_BACKSLASH='\'
AM_CFLAGS=''
AM_CPPFLAGS=''
AM_DEFAULT_V='$(AM_DEFAULT_VERBOSITY)'
AM_DEFAULT_VERBOSITY='1'
AM_V='$(V)'
AR='ar'
ASM_WITH_CPP_UNSUPPORTED_FALSE=''
ASM_WITH_CPP_UNSUPPORTED_TRUE='#'
ATOMIC_OPS_CFLAGS='-I$(top_builddir)/libatomic_ops/src -I$(top_srcdir)/libatomic_ops/src'
ATOMIC_OPS_LIBS=''
AUTOCONF='${SHELL} /home/jon-wwr/work/src/github.com/f-shixiong/s-jvm/vm/target/build/linux-x86_64-debug/extgc-prefix/src/extgc/missing autoconf'
AUTOHEADER='${SHELL} /home/jon-wwr/work/src/github.com/f-shixiong/s-jvm/vm/target/build/linux-x86_64-debug/extgc-prefix/src/extgc/missing autoheader'
AUTOMAKE='${SHELL} /home/jon-wwr/work/src/github.com/f-shixiong/s-jvm/vm/target/build/linux-x86_64-debug/extgc-prefix/src/extgc/missing automake-1.13'
AVOID_CPP_LIB_FALSE=''
AVOID_CPP_LIB_TRUE='#'
AWK='gawk'
CC='gcc'
CCAS='gcc'
CCASDEPMODE='depmode=gcc3'
CCASFLAGS='-g -O2'
CCDEPMODE='depmode=gcc3'
CFLAGS='-Wall -Wextra -Wpedantic -Wno-long-long -g -O2 -fno-strict-aliasing'
CFLAGS_EXTRA=''
CPLUSPLUS_FALSE=''
CPLUSPLUS_TRUE='#'
CPP='gcc -E'
CPPFLAGS=''
CXX='g++'
CXXCPP='g++ -E'
CXXDEPMODE='depmode=gcc3'
CXXFLAGS='-g -O2'
CXXLIBS=''
CYGPATH_W='echo'
DARWIN_THREADS_FALSE=''
DARWIN_THREADS_TRUE='#'
DEFS='-DHAVE_CONFIG_H'
DEPDIR='.deps'
DLLTOOL='false'
DSYMUTIL=''
DUMPBIN=''
ECHO_C=''
ECHO_N='-n'
ECHO_T=''
EGREP='/bin/grep -E'
ENABLE_DISCLAIM_FALSE='#'
ENABLE_DISCLAIM_TRUE=''
ENABLE_DOCS_FALSE='#'
ENABLE_DOCS_TRUE=''
EXEEXT=''
EXTRA_TEST_LIBS=''
FGREP='/bin/grep -F'
GC_CFLAGS=' -fexceptions'
GC_VERSION=''
GREP='/bin/grep'
INSTALL_DATA='${INSTALL} -m 644'
INSTALL_PROGRAM='${INSTALL}'
INSTALL_SCRIPT='${INSTALL}'
INSTALL_STRIP_PROGRAM='$(install_sh) -c -s'
KEEP_BACK_PTRS_FALSE=''
KEEP_BACK_PTRS_TRUE='#'
LD='/bin/ld -m elf_x86_64'
LDFLAGS=''
LIBOBJS=''
LIBS=''
LIBTOOL='$(SHELL) $(top_builddir)/libtool'
LIPO=''
LN_S='ln -s'
LTLIBOBJS=''
MAINT='#'
MAINTAINER_MODE_FALSE=''
MAINTAINER_MODE_TRUE='#'
MAKEINFO='${SHELL} /home/jon-wwr/work/src/github.com/f-shixiong/s-jvm/vm/target/build/linux-x86_64-debug/extgc-prefix/src/extgc/missing makeinfo'
MAKE_BACK_GRAPH_FALSE=''
MAKE_BACK_GRAPH_TRUE='#'
MANIFEST_TOOL=':'
MKDIR_P='/bin/mkdir -p'
NEED_ATOMIC_OPS_ASM_FALSE=''
NEED_ATOMIC_OPS_ASM_TRUE='#'
NM='/bin/nm -B'
NMEDIT=''
OBJDUMP='objdump'
OBJEXT='o'
OTOOL64=''
OTOOL=''
PACKAGE='gc'
PACKAGE_BUGREPORT='https://github.com/ivmai/bdwgc/issues'
PACKAGE_NAME='gc'
PACKAGE_STRING='gc 7.6.12'
PACKAGE_TARNAME='gc'
PACKAGE_URL=''
PACKAGE_VERSION='7.6.12'
PATH_SEPARATOR=':'
PKG_CONFIG='/bin/pkg-config'
PKG_CONFIG_LIBDIR=''
PKG_CONFIG_PATH=''
PTHREADS_FALSE='#'
PTHREADS_TRUE=''
PTHREAD_START_STANDALONE_FALSE='#'
PTHREAD_START_STANDALONE_TRUE=''
RANLIB='ranlib'
SED='/bin/sed'
SET_MAKE=''
SHELL='/bin/sh'
SINGLE_GC_OBJ_FALSE=''
SINGLE_GC_OBJ_TRUE='#'
STRIP='strip'
THREADDLLIBS='-lpthread -ldl'
THREADS_FALSE='#'
THREADS_TRUE=''
UNWINDLIBS=''
USE_INTERNAL_LIBATOMIC_OPS_FALSE='#'
USE_INTERNAL_LIBATOMIC_OPS_TRUE=''
USE_LIBDIR_FALSE='#'
USE_LIBDIR_TRUE=''
VERSION='7.6.12'
WERROR_CFLAGS=''
WIN32_THREADS_FALSE=''
WIN32_THREADS_TRUE='#'
ac_ct_AR='ar'
ac_ct_CC='gcc'
ac_ct_CXX='g++'
ac_ct_DUMPBIN=''
addlibs=''
addobjs=' '
am__EXEEXT_FALSE=''
am__EXEEXT_TRUE='#'
am__fastdepCCAS_FALSE='#'
am__fastdepCCAS_TRUE=''
am__fastdepCC_FALSE='#'
am__fastdepCC_TRUE=''
am__fastdepCXX_FALSE='#'
am__fastdepCXX_TRUE=''
am__include='include'
am__isrc=' -I$(srcdir)'
am__leading_dot='.'
am__nodep='_no'
am__quote=''
am__tar='$${TAR-tar} chof - "$$tardir"'
am__untar='$${TAR-tar} xf -'
bindir='${exec_prefix}/bin'
build='x86_64-unknown-linux-gnu'
build_alias=''
build_cpu='x86_64'
build_os='linux-gnu'
build_vendor='unknown'
datadir='${datarootdir}'
datarootdir='${prefix}/share'
docdir='${datarootdir}/doc/${PACKAGE_TARNAME}'
dvidir='${docdir}'
exec_prefix='${prefix}'
extra_ldflags_libgc=''
host='x86_64-unknown-linux-gnu'
host_alias=''
host_cpu='x86_64'
host_os='linux-gnu'
host_vendor='unknown'
htmldir='${docdir}'
includedir='${prefix}/include'
infodir='${datarootdir}/info'
install_sh='${SHELL} /home/jon-wwr/work/src/github.com/f-shixiong/s-jvm/vm/target/build/linux-x86_64-debug/extgc-prefix/src/extgc/install-sh'
libdir='${exec_prefix}/lib'
libexecdir='${exec_prefix}/libexec'
localedir='${datarootdir}/locale'
localstatedir='${prefix}/var'
mandir='${datarootdir}/man'
mkdir_p='$(MKDIR_P)'
oldincludedir='/usr/include'
pdfdir='${docdir}'
prefix='/usr/local'
program_transform_name='s,x,x,'
psdir='${docdir}'
sbindir='${exec_prefix}/sbin'
sharedstatedir='${prefix}/com'
subdirs=' libatomic_ops'
sysconfdir='${prefix}/etc'
target='x86_64-unknown-linux-gnu'
target_alias=''
target_all='libgc.la'
target_cpu='x86_64'
target_os='linux-gnu'
target_vendor='unknown'

## ----------- ##
## confdefs.h. ##
## ----------- ##

/* confdefs.h */
#define PACKAGE_NAME "gc"
#define PACKAGE_TARNAME "gc"
#define PACKAGE_VERSION "7.6.12"
#define PACKAGE_STRING "gc 7.6.12"
#define PACKAGE_BUGREPORT "https://github.com/ivmai/bdwgc/issues"
#define PACKAGE_URL ""
#define GC_VERSION_MAJOR 7
#define GC_VERSION_MINOR 6
#define GC_VERSION_MICRO 12
#define PACKAGE "gc"
#define VERSION "7.6.12"
#define STDC_HEADERS 1
#define HAVE_SYS_TYPES_H 1
#define HAVE_SYS_STAT_H 1
#define HAVE_STDLIB_H 1
#define HAVE_STRING_H 1
#define HAVE_MEMORY_H 1
#define HAVE_STRINGS_H 1
#define HAVE_INTTYPES_H 1
#define HAVE_STDINT_H 1
#define HAVE_UNISTD_H 1
#define HAVE_DLFCN_H 1
#define LT_OBJDIR ".libs/"
#define GC_LINUX_THREADS 1
#define _REENTRANT 1
#define PARALLEL_MARK 1
#define THREAD_LOCAL_ALLOC 1
#define HAVE_GETCONTEXT 1
#define HAVE_DL_ITERATE_PHDR 1
#define HAVE_DL_ITERATE_PHDR 1
#define HAVE_EXECINFO_H 1
#define NO_EXECUTE_PERMISSION 1
#define ALL_INTERIOR_POINTERS 1
#define GC_GCJ_SUPPORT 1
#define GC_ENABLE_SUSPEND_THREAD 1
#define HAVE_DLADDR 1
#define JAVA_FINALIZATION 1
#define GC_ATOMIC_UNCOLLECTABLE 1
#define ENABLE_DISCLAIM 1
#define HAVE_LOCKFREE_AO_OR 1

configure: exit 0
